# JRE version: OpenJDK Runtime Environment (8.0_212-b04) (build 1.8.0_212-release-1586-b04)
# Java VM: OpenJDK 64-Bit Server VM (25.212-b04 mixed mode windows-amd64 compressed oops)
Heap:
 PSYoungGen      total 308736K, used 99705K [0x00000000e0000000, 0x00000000f5880000, 0x0000000100000000)
  eden space 279040K, 25% used [0x00000000e0000000,0x00000000e4620900,0x00000000f1080000)
  from space 29696K, 93% used [0x00000000f3100000,0x00000000f4c3dde8,0x00000000f4e00000)
  to   space 33280K, 0% used [0x00000000f1080000,0x00000000f1080000,0x00000000f3100000)
 ParOldGen       total 209920K, used 44665K [0x00000000a0000000, 0x00000000acd00000, 0x00000000e0000000)
  object space 209920K, 21% used [0x00000000a0000000,0x00000000a2b9e718,0x00000000acd00000)
 Metaspace       used 105015K, capacity 111568K, committed 111640K, reserved 1146880K
  class space    used 13578K, capacity 14839K, committed 14872K, reserved 1048576K
GC Heap History (10 events):
Event: 7173.894 GC heap before
{Heap before GC invocations=26 (full 4):
 PSYoungGen      total 251392K, used 229864K [0x00000000e0000000, 0x00000000f1a80000, 0x0000000100000000)
  eden space 220160K, 100% used [0x00000000e0000000,0x00000000ed700000,0x00000000ed700000)
  from space 31232K, 31% used [0x00000000ed700000,0x00000000ee07a0c8,0x00000000ef580000)
  to   space 30208K, 0% used [0x00000000efd00000,0x00000000efd00000,0x00000000f1a80000)
 ParOldGen       total 209920K, used 44633K [0x00000000a0000000, 0x00000000acd00000, 0x00000000e0000000)
  object space 209920K, 21% used [0x00000000a0000000,0x00000000a2b96718,0x00000000acd00000)
 Metaspace       used 101954K, capacity 108410K, committed 108568K, reserved 1142784K
  class space    used 13303K, capacity 14592K, committed 14616K, reserved 1048576K
Event: 7174.078 GC heap after
Heap after GC invocations=26 (full 4):
 PSYoungGen      total 259584K, used 15550K [0x00000000e0000000, 0x00000000f2780000, 0x0000000100000000)
  eden space 229376K, 0% used [0x00000000e0000000,0x00000000e0000000,0x00000000ee000000)
  from space 30208K, 51% used [0x00000000efd00000,0x00000000f0c2f960,0x00000000f1a80000)
  to   space 29696K, 0% used [0x00000000ee000000,0x00000000ee000000,0x00000000efd00000)
 ParOldGen       total 209920K, used 44641K [0x00000000a0000000, 0x00000000acd00000, 0x00000000e0000000)
  object space 209920K, 21% used [0x00000000a0000000,0x00000000a2b98718,0x00000000acd00000)
 Metaspace       used 101954K, capacity 108410K, committed 108568K, reserved 1142784K
  class space    used 13303K, capacity 14592K, committed 14616K, reserved 1048576K
}
Event: 7177.695 GC heap before
{Heap before GC invocations=27 (full 4):
 PSYoungGen      total 259584K, used 244926K [0x00000000e0000000, 0x00000000f2780000, 0x0000000100000000)
  eden space 229376K, 100% used [0x00000000e0000000,0x00000000ee000000,0x00000000ee000000)
  from space 30208K, 51% used [0x00000000efd00000,0x00000000f0c2f960,0x00000000f1a80000)
  to   space 29696K, 0% used [0x00000000ee000000,0x00000000ee000000,0x00000000efd00000)
 ParOldGen       total 209920K, used 44641K [0x00000000a0000000, 0x00000000acd00000, 0x00000000e0000000)
  object space 209920K, 21% used [0x00000000a0000000,0x00000000a2b98718,0x00000000acd00000)
 Metaspace       used 102021K, capacity 108410K, committed 108568K, reserved 1142784K
  class space    used 13304K, capacity 14592K, committed 14616K, reserved 1048576K
Event: 7177.766 GC heap after
Heap after GC invocations=27 (full 4):
 PSYoungGen      total 259072K, used 17055K [0x00000000e0000000, 0x00000000f3500000, 0x0000000100000000)
  eden space 229376K, 0% used [0x00000000e0000000,0x00000000e0000000,0x00000000ee000000)
  from space 29696K, 57% used [0x00000000ee000000,0x00000000ef0a7ef8,0x00000000efd00000)
  to   space 29184K, 0% used [0x00000000f1880000,0x00000000f1880000,0x00000000f3500000)
 ParOldGen       total 209920K, used 44649K [0x00000000a0000000, 0x00000000acd00000, 0x00000000e0000000)
  object space 209920K, 21% used [0x00000000a0000000,0x00000000a2b9a718,0x00000000acd00000)
 Metaspace       used 102021K, capacity 108410K, committed 108568K, reserved 1142784K
  class space    used 13304K, capacity 14592K, committed 14616K, reserved 1048576K
}
Event: 7182.426 GC heap before
{Heap before GC invocations=28 (full 4):
 PSYoungGen      total 259072K, used 245960K [0x00000000e0000000, 0x00000000f3500000, 0x0000000100000000)
  eden space 229376K, 99% used [0x00000000e0000000,0x00000000edf8a4d8,0x00000000ee000000)
  from space 29696K, 57% used [0x00000000ee000000,0x00000000ef0a7ef8,0x00000000efd00000)
  to   space 29184K, 0% used [0x00000000f1880000,0x00000000f1880000,0x00000000f3500000)
 ParOldGen       total 209920K, used 44649K [0x00000000a0000000, 0x00000000acd00000, 0x00000000e0000000)
  object space 209920K, 21% used [0x00000000a0000000,0x00000000a2b9a718,0x00000000acd00000)
 Metaspace       used 102143K, capacity 108606K, committed 108824K, reserved 1142784K
  class space    used 13311K, capacity 14602K, committed 14616K, reserved 1048576K
Event: 7182.453 GC heap after
Heap after GC invocations=28 (full 4):
 PSYoungGen      total 280064K, used 12168K [0x00000000e0000000, 0x00000000f3080000, 0x0000000100000000)
  eden space 255488K, 0% used [0x00000000e0000000,0x00000000e0000000,0x00000000ef980000)
  from space 24576K, 49% used [0x00000000f1880000,0x00000000f2462180,0x00000000f3080000)
  to   space 28160K, 0% used [0x00000000ef980000,0x00000000ef980000,0x00000000f1500000)
 ParOldGen       total 209920K, used 44657K [0x00000000a0000000, 0x00000000acd00000, 0x00000000e0000000)
  object space 209920K, 21% used [0x00000000a0000000,0x00000000a2b9c718,0x00000000acd00000)
 Metaspace       used 102143K, capacity 108606K, committed 108824K, reserved 1142784K
  class space    used 13311K, capacity 14602K, committed 14616K, reserved 1048576K
}
Event: 7183.655 GC heap before
{Heap before GC invocations=29 (full 4):
 PSYoungGen      total 280064K, used 267656K [0x00000000e0000000, 0x00000000f3080000, 0x0000000100000000)
  eden space 255488K, 100% used [0x00000000e0000000,0x00000000ef980000,0x00000000ef980000)
  from space 24576K, 49% used [0x00000000f1880000,0x00000000f2462180,0x00000000f3080000)
  to   space 28160K, 0% used [0x00000000ef980000,0x00000000ef980000,0x00000000f1500000)
 ParOldGen       total 209920K, used 44657K [0x00000000a0000000, 0x00000000acd00000, 0x00000000e0000000)
  object space 209920K, 21% used [0x00000000a0000000,0x00000000a2b9c718,0x00000000acd00000)
 Metaspace       used 102154K, capacity 108612K, committed 108824K, reserved 1142784K
  class space    used 13311K, capacity 14603K, committed 14616K, reserved 1048576K
Event: 7183.686 GC heap after
Heap after GC invocations=29 (full 4):
 PSYoungGen      total 283648K, used 22481K [0x00000000e0000000, 0x00000000f4e00000, 0x0000000100000000)
  eden space 255488K, 0% used [0x00000000e0000000,0x00000000e0000000,0x00000000ef980000)
  from space 28160K, 79% used [0x00000000ef980000,0x00000000f0f744f0,0x00000000f1500000)
  to   space 29696K, 0% used [0x00000000f3100000,0x00000000f3100000,0x00000000f4e00000)
 ParOldGen       total 209920K, used 44657K [0x00000000a0000000, 0x00000000acd00000, 0x00000000e0000000)
  object space 209920K, 21% used [0x00000000a0000000,0x00000000a2b9c718,0x00000000acd00000)
 Metaspace       used 102154K, capacity 108612K, committed 108824K, reserved 1142784K
  class space    used 13311K, capacity 14603K, committed 14616K, reserved 1048576K
}
Event: 7188.090 GC heap before
{Heap before GC invocations=30 (full 4):
 PSYoungGen      total 283648K, used 277969K [0x00000000e0000000, 0x00000000f4e00000, 0x0000000100000000)
  eden space 255488K, 100% used [0x00000000e0000000,0x00000000ef980000,0x00000000ef980000)
  from space 28160K, 79% used [0x00000000ef980000,0x00000000f0f744f0,0x00000000f1500000)
  to   space 29696K, 0% used [0x00000000f3100000,0x00000000f3100000,0x00000000f4e00000)
 ParOldGen       total 209920K, used 44657K [0x00000000a0000000, 0x00000000acd00000, 0x00000000e0000000)
  object space 209920K, 21% used [0x00000000a0000000,0x00000000a2b9c718,0x00000000acd00000)
 Metaspace       used 102517K, capacity 108980K, committed 109080K, reserved 1144832K
  class space    used 13323K, capacity 14609K, committed 14616K, reserved 1048576K
Event: 7188.212 GC heap after
Heap after GC invocations=30 (full 4):
 PSYoungGen      total 308736K, used 27895K [0x00000000e0000000, 0x00000000f5880000, 0x0000000100000000)
  eden space 279040K, 0% used [0x00000000e0000000,0x00000000e0000000,0x00000000f1080000)
  from space 29696K, 93% used [0x00000000f3100000,0x00000000f4c3dde8,0x00000000f4e00000)
  to   space 33280K, 0% used [0x00000000f1080000,0x00000000f1080000,0x00000000f3100000)
 ParOldGen       total 209920K, used 44665K [0x00000000a0000000, 0x00000000acd00000, 0x00000000e0000000)
  object space 209920K, 21% used [0x00000000a0000000,0x00000000a2b9e718,0x00000000acd00000)
 Metaspace       used 102517K, capacity 108980K, committed 109080K, reserved 1144832K
  class space    used 13323K, capacity 14609K, committed 14616K, reserved 1048576K
}

