# JRE version: OpenJDK Runtime Environment (8.0_212-b04) (build 1.8.0_212-release-1586-b04)
# Java VM: OpenJDK 64-Bit Server VM (25.212-b04 mixed mode windows-amd64 compressed oops)
Heap:
 PSYoungGen      total 343552K, used 67182K [0x00000000e0000000, 0x00000000fc480000, 0x0000000100000000)
  eden space 310272K, 16% used [0x00000000e0000000,0x00000000e33126d0,0x00000000f2f00000)
  from space 33280K, 44% used [0x00000000f2f00000,0x00000000f3d89278,0x00000000f4f80000)
  to   space 31744K, 0% used [0x00000000fa580000,0x00000000fa580000,0x00000000fc480000)
 ParOldGen       total 212992K, used 72498K [0x00000000a0000000, 0x00000000ad000000, 0x00000000e0000000)
  object space 212992K, 34% used [0x00000000a0000000,0x00000000a46cca08,0x00000000ad000000)
 Metaspace       used 96550K, capacity 100874K, committed 101248K, reserved 1136640K
  class space    used 12652K, capacity 13583K, committed 13696K, reserved 1048576K
GC Heap History (10 events):
Event: 568.672 GC heap before
{Heap before GC invocations=15 (full 3):
 PSYoungGen      total 215040K, used 208942K [0x00000000e0000000, 0x00000000f2900000, 0x0000000100000000)
  eden space 192512K, 100% used [0x00000000e0000000,0x00000000ebc00000,0x00000000ebc00000)
  from space 22528K, 72% used [0x00000000ebc00000,0x00000000ecc0bb48,0x00000000ed200000)
  to   space 23552K, 0% used [0x00000000f1200000,0x00000000f1200000,0x00000000f2900000)
 ParOldGen       total 137216K, used 30335K [0x00000000a0000000, 0x00000000a8600000, 0x00000000e0000000)
  object space 137216K, 22% used [0x00000000a0000000,0x00000000a1d9ffd8,0x00000000a8600000)
 Metaspace       used 75922K, capacity 79094K, committed 79232K, reserved 1118208K
  class space    used 10053K, capacity 10761K, committed 10880K, reserved 1048576K
Event: 568.758 GC heap after
Heap after GC invocations=15 (full 3):
 PSYoungGen      total 272384K, used 23537K [0x00000000e0000000, 0x00000000f2c00000, 0x0000000100000000)
  eden space 248832K, 0% used [0x00000000e0000000,0x00000000e0000000,0x00000000ef300000)
  from space 23552K, 99% used [0x00000000f1200000,0x00000000f28fc570,0x00000000f2900000)
  to   space 29184K, 0% used [0x00000000ef300000,0x00000000ef300000,0x00000000f0f80000)
 ParOldGen       total 137216K, used 36454K [0x00000000a0000000, 0x00000000a8600000, 0x00000000e0000000)
  object space 137216K, 26% used [0x00000000a0000000,0x00000000a23998b8,0x00000000a8600000)
 Metaspace       used 75922K, capacity 79094K, committed 79232K, reserved 1118208K
  class space    used 10053K, capacity 10761K, committed 10880K, reserved 1048576K
}
Event: 582.424 GC heap before
{Heap before GC invocations=16 (full 3):
 PSYoungGen      total 272384K, used 272369K [0x00000000e0000000, 0x00000000f2c00000, 0x0000000100000000)
  eden space 248832K, 100% used [0x00000000e0000000,0x00000000ef300000,0x00000000ef300000)
  from space 23552K, 99% used [0x00000000f1200000,0x00000000f28fc570,0x00000000f2900000)
  to   space 29184K, 0% used [0x00000000ef300000,0x00000000ef300000,0x00000000f0f80000)
 ParOldGen       total 137216K, used 36454K [0x00000000a0000000, 0x00000000a8600000, 0x00000000e0000000)
  object space 137216K, 26% used [0x00000000a0000000,0x00000000a23998b8,0x00000000a8600000)
 Metaspace       used 92935K, capacity 97298K, committed 97408K, reserved 1134592K
  class space    used 12276K, capacity 13173K, committed 13184K, reserved 1048576K
Event: 582.507 GC heap after
Heap after GC invocations=16 (full 3):
 PSYoungGen      total 278016K, used 21354K [0x00000000e0000000, 0x00000000f6d80000, 0x0000000100000000)
  eden space 248832K, 0% used [0x00000000e0000000,0x00000000e0000000,0x00000000ef300000)
  from space 29184K, 73% used [0x00000000ef300000,0x00000000f07da930,0x00000000f0f80000)
  to   space 30720K, 0% used [0x00000000f4f80000,0x00000000f4f80000,0x00000000f6d80000)
 ParOldGen       total 137216K, used 58613K [0x00000000a0000000, 0x00000000a8600000, 0x00000000e0000000)
  object space 137216K, 42% used [0x00000000a0000000,0x00000000a393d4b0,0x00000000a8600000)
 Metaspace       used 92935K, capacity 97298K, committed 97408K, reserved 1134592K
  class space    used 12276K, capacity 13173K, committed 13184K, reserved 1048576K
}
Event: 583.518 GC heap before
{Heap before GC invocations=17 (full 3):
 PSYoungGen      total 278016K, used 68006K [0x00000000e0000000, 0x00000000f6d80000, 0x0000000100000000)
  eden space 248832K, 18% used [0x00000000e0000000,0x00000000e2d8ef88,0x00000000ef300000)
  from space 29184K, 73% used [0x00000000ef300000,0x00000000f07da930,0x00000000f0f80000)
  to   space 30720K, 0% used [0x00000000f4f80000,0x00000000f4f80000,0x00000000f6d80000)
 ParOldGen       total 137216K, used 58613K [0x00000000a0000000, 0x00000000a8600000, 0x00000000e0000000)
  object space 137216K, 42% used [0x00000000a0000000,0x00000000a393d4b0,0x00000000a8600000)
 Metaspace       used 94046K, capacity 98490K, committed 98600K, reserved 1134592K
  class space    used 12452K, capacity 13373K, committed 13440K, reserved 1048576K
Event: 583.576 GC heap after
Heap after GC invocations=17 (full 3):
 PSYoungGen      total 340992K, used 26001K [0x00000000e0000000, 0x00000000f7a80000, 0x0000000100000000)
  eden space 310272K, 0% used [0x00000000e0000000,0x00000000e0000000,0x00000000f2f00000)
  from space 30720K, 84% used [0x00000000f4f80000,0x00000000f68e4490,0x00000000f6d80000)
  to   space 33280K, 0% used [0x00000000f2f00000,0x00000000f2f00000,0x00000000f4f80000)
 ParOldGen       total 137216K, used 58621K [0x00000000a0000000, 0x00000000a8600000, 0x00000000e0000000)
  object space 137216K, 42% used [0x00000000a0000000,0x00000000a393f4b0,0x00000000a8600000)
 Metaspace       used 94046K, capacity 98490K, committed 98600K, reserved 1134592K
  class space    used 12452K, capacity 13373K, committed 13440K, reserved 1048576K
}
Event: 583.576 GC heap before
{Heap before GC invocations=18 (full 4):
 PSYoungGen      total 340992K, used 26001K [0x00000000e0000000, 0x00000000f7a80000, 0x0000000100000000)
  eden space 310272K, 0% used [0x00000000e0000000,0x00000000e0000000,0x00000000f2f00000)
  from space 30720K, 84% used [0x00000000f4f80000,0x00000000f68e4490,0x00000000f6d80000)
  to   space 33280K, 0% used [0x00000000f2f00000,0x00000000f2f00000,0x00000000f4f80000)
 ParOldGen       total 137216K, used 58621K [0x00000000a0000000, 0x00000000a8600000, 0x00000000e0000000)
  object space 137216K, 42% used [0x00000000a0000000,0x00000000a393f4b0,0x00000000a8600000)
 Metaspace       used 94046K, capacity 98490K, committed 98600K, reserved 1134592K
  class space    used 12452K, capacity 13373K, committed 13440K, reserved 1048576K
Event: 584.188 GC heap after
Heap after GC invocations=18 (full 4):
 PSYoungGen      total 340992K, used 0K [0x00000000e0000000, 0x00000000f7a80000, 0x0000000100000000)
  eden space 310272K, 0% used [0x00000000e0000000,0x00000000e0000000,0x00000000f2f00000)
  from space 30720K, 0% used [0x00000000f4f80000,0x00000000f4f80000,0x00000000f6d80000)
  to   space 33280K, 0% used [0x00000000f2f00000,0x00000000f2f00000,0x00000000f4f80000)
 ParOldGen       total 212992K, used 72490K [0x00000000a0000000, 0x00000000ad000000, 0x00000000e0000000)
  object space 212992K, 34% used [0x00000000a0000000,0x00000000a46caa08,0x00000000ad000000)
 Metaspace       used 93783K, capacity 97764K, committed 98600K, reserved 1134592K
  class space    used 12363K, capacity 13216K, committed 13440K, reserved 1048576K
}
Event: 1064.758 GC heap before
{Heap before GC invocations=19 (full 4):
 PSYoungGen      total 340992K, used 310272K [0x00000000e0000000, 0x00000000f7a80000, 0x0000000100000000)
  eden space 310272K, 100% used [0x00000000e0000000,0x00000000f2f00000,0x00000000f2f00000)
  from space 30720K, 0% used [0x00000000f4f80000,0x00000000f4f80000,0x00000000f6d80000)
  to   space 33280K, 0% used [0x00000000f2f00000,0x00000000f2f00000,0x00000000f4f80000)
 ParOldGen       total 212992K, used 72490K [0x00000000a0000000, 0x00000000ad000000, 0x00000000e0000000)
  object space 212992K, 34% used [0x00000000a0000000,0x00000000a46caa08,0x00000000ad000000)
 Metaspace       used 96397K, capacity 100686K, committed 100992K, reserved 1136640K
  class space    used 12641K, capacity 13563K, committed 13696K, reserved 1048576K
Event: 1064.910 GC heap after
Heap after GC invocations=19 (full 4):
 PSYoungGen      total 343552K, used 14884K [0x00000000e0000000, 0x00000000fc480000, 0x0000000100000000)
  eden space 310272K, 0% used [0x00000000e0000000,0x00000000e0000000,0x00000000f2f00000)
  from space 33280K, 44% used [0x00000000f2f00000,0x00000000f3d89278,0x00000000f4f80000)
  to   space 31744K, 0% used [0x00000000fa580000,0x00000000fa580000,0x00000000fc480000)
 ParOldGen       total 212992K, used 72498K [0x00000000a0000000, 0x00000000ad000000, 0x00000000e0000000)
  object space 212992K, 34% used [0x00000000a0000000,0x00000000a46cca08,0x00000000ad000000)
 Metaspace       used 96397K, capacity 100686K, committed 100992K, reserved 1136640K
  class space    used 12641K, capacity 13563K, committed 13696K, reserved 1048576K
}

